<?xml version="1.0" encoding="UTF-8"?>
<!-- Generated by org.testng.reporters.JUnitReportReporter -->
<testsuite hostname="DESKTOP-SNPOCBL" name="AKQA_Test.AKQA_Test.BunningsWishListTest" tests="1" failures="0" timestamp="30 Jun 2018 12:53:54 GMT" time="38.204" errors="0">
  <testcase name="verifyWishList" time="38.204" classname="AKQA_Test.AKQA_Test.BunningsWishListTest"/>
</testsuite> <!-- AKQA_Test.AKQA_Test.BunningsWishListTest -->
